<?xml version="1.0" encoding="UTF-8"?>
<testsuite xmlns:xsi="http://www.w3.org/2001/XMLSchema-instance" xsi:noNamespaceSchemaLocation="https://maven.apache.org/surefire/maven-surefire-plugin/xsd/surefire-test-report-3.0.xsd" version="3.0" name="co.edu.sena.csf.adsi.fichas.test.app01.servicios.ServicioHotelTest" time="1.318" tests="2" errors="0" skipped="0" failures="0">
  <properties>
[...]
</properties>
  <testcase name="ocuparHabitacionCuandoUsuarioNoExite()" classname="ServicioHotelTest" time="0.78"/>
  <testcase name="ocuparHabitacionExitosamente()" classname="ServicioHotelTest" time="0.007"/>
</testsuite>